INFO:tasks.state_based_grasp_xhand:Step 140 | Reward: -0.11783674359321594
INFO:tasks.state_based_grasp_xhand:Step 150 | Reward: -0.12602953612804413
INFO:tasks.state_based_grasp_xhand:Step 160 | Reward: -0.12561456859111786
INFO:tasks.state_based_grasp_xhand:Step 170 | Reward: -0.127386212348938
INFO:tasks.state_based_grasp_xhand:Step 180 | Reward: -0.1266339272260666
INFO:tasks.state_based_grasp_xhand:Step 190 | Reward: -0.12813732028007507
INFO:tasks.state_based_grasp_xhand:Step 200 | Reward: -0.1291935294866562
INFO:tasks.state_based_grasp_xhand:Step 10 | Reward: -0.1281735897064209
INFO:tasks.state_based_grasp_xhand:Step 20 | Reward: -0.12567338347434998
INFO:tasks.state_based_grasp_xhand:Step 30 | Reward: -0.12313452363014221
INFO:tasks.state_based_grasp_xhand:Step 40 | Reward: -0.12477186322212219
INFO:tasks.state_based_grasp_xhand:Step 50 | Reward: -0.1307244747877121
INFO:tasks.state_based_grasp_xhand:Step 60 | Reward: -0.13128092885017395
INFO:tasks.state_based_grasp_xhand:Step 70 | Reward: -0.13822974264621735
INFO:tasks.state_based_grasp_xhand:Step 80 | Reward: -0.140000119805336
INFO:tasks.state_based_grasp_xhand:Step 90 | Reward: -0.14274440705776215
INFO:tasks.state_based_grasp_xhand:Step 100 | Reward: -0.14274148643016815
INFO:tasks.state_based_grasp_xhand:Step 110 | Reward: -0.14421623945236206
INFO:tasks.state_based_grasp_xhand:Step 120 | Reward: -0.1462041586637497
INFO:tasks.state_based_grasp_xhand:Step 130 | Reward: -0.1480342000722885
INFO:tasks.state_based_grasp_xhand:Step 140 | Reward: -0.14961817860603333
INFO:tasks.state_based_grasp_xhand:Step 150 | Reward: -0.15249626338481903
INFO:tasks.state_based_grasp_xhand:Step 160 | Reward: -0.15640099346637726
INFO:tasks.state_based_grasp_xhand:Step 170 | Reward: -0.15201474726200104
INFO:tasks.state_based_grasp_xhand:Step 180 | Reward: -0.1590317040681839
INFO:tasks.state_based_grasp_xhand:Step 190 | Reward: -0.16206450760364532
INFO:tasks.state_based_grasp_xhand:Step 200 | Reward: -0.16364161670207977
INFO:tasks.state_based_grasp_xhand:Step 10 | Reward: -0.1396501511335373
INFO:tasks.state_based_grasp_xhand:Step 20 | Reward: -0.14488260447978973
INFO:tasks.state_based_grasp_xhand:Step 30 | Reward: -0.15256503224372864
INFO:tasks.state_based_grasp_xhand:Step 40 | Reward: -0.15431426465511322
INFO:tasks.state_based_grasp_xhand:Step 50 | Reward: -0.1568204015493393
INFO:tasks.state_based_grasp_xhand:Step 60 | Reward: -0.16040094196796417
INFO:tasks.state_based_grasp_xhand:Step 70 | Reward: -0.15849484503269196
INFO:tasks.state_based_grasp_xhand:Step 80 | Reward: -0.16519393026828766
INFO:tasks.state_based_grasp_xhand:Step 90 | Reward: -0.16826054453849792
INFO:tasks.state_based_grasp_xhand:Step 100 | Reward: -0.1708454191684723
INFO:tasks.state_based_grasp_xhand:Step 110 | Reward: -0.16947123408317566
INFO:tasks.state_based_grasp_xhand:Step 120 | Reward: -0.16488802433013916
INFO:tasks.state_based_grasp_xhand:Step 130 | Reward: -0.1651127189397812
INFO:tasks.state_based_grasp_xhand:Step 140 | Reward: -0.1640363335609436
INFO:tasks.state_based_grasp_xhand:Step 150 | Reward: -0.16295431554317474
INFO:tasks.state_based_grasp_xhand:Step 160 | Reward: -0.16442322731018066
INFO:tasks.state_based_grasp_xhand:Step 170 | Reward: -0.16613765060901642
INFO:tasks.state_based_grasp_xhand:Step 180 | Reward: -0.16373847424983978
INFO:tasks.state_based_grasp_xhand:Step 190 | Reward: -0.1662205010652542
INFO:tasks.state_based_grasp_xhand:Step 200 | Reward: -0.16523216664791107
INFO:tasks.state_based_grasp_xhand:Step 10 | Reward: -0.11985091865062714
INFO:tasks.state_based_grasp_xhand:Step 20 | Reward: -0.12423903495073318
INFO:tasks.state_based_grasp_xhand:Step 30 | Reward: -0.1230216845870018
INFO:tasks.state_based_grasp_xhand:Step 40 | Reward: -0.11684264987707138
INFO:tasks.state_based_grasp_xhand:Step 50 | Reward: -0.11247651278972626
INFO:tasks.state_based_grasp_xhand:Step 60 | Reward: -0.1077360212802887
INFO:tasks.state_based_grasp_xhand:Step 70 | Reward: -0.10608015209436417
INFO:tasks.state_based_grasp_xhand:Step 80 | Reward: -0.10525377839803696
INFO:tasks.state_based_grasp_xhand:Step 90 | Reward: -0.10213835537433624
INFO:tasks.state_based_grasp_xhand:Step 100 | Reward: -0.10071562975645065
INFO:tasks.state_based_grasp_xhand:Step 110 | Reward: -0.09946505725383759
INFO:tasks.state_based_grasp_xhand:Step 120 | Reward: -0.10093199461698532
INFO:tasks.state_based_grasp_xhand:Step 130 | Reward: -0.10155193507671356
INFO:tasks.state_based_grasp_xhand:Step 140 | Reward: -0.10288608819246292
INFO:tasks.state_based_grasp_xhand:Step 150 | Reward: -0.10608240216970444
INFO:tasks.state_based_grasp_xhand:Step 160 | Reward: -0.11022347956895828
INFO:tasks.state_based_grasp_xhand:Step 170 | Reward: -0.11378262937068939
INFO:tasks.state_based_grasp_xhand:Step 180 | Reward: -0.11593981087207794
INFO:tasks.state_based_grasp_xhand:Step 190 | Reward: -0.11607082933187485
INFO:tasks.state_based_grasp_xhand:Step 200 | Reward: -0.11862119287252426
INFO:tasks.state_based_grasp_xhand:Step 10 | Reward: -0.11492205411195755
INFO:tasks.state_based_grasp_xhand:Step 20 | Reward: -0.1157020553946495
INFO:tasks.state_based_grasp_xhand:Step 30 | Reward: -0.11801163107156754
INFO:tasks.state_based_grasp_xhand:Step 40 | Reward: -0.116727814078331
INFO:tasks.state_based_grasp_xhand:Step 50 | Reward: -0.119441919028759
INFO:tasks.state_based_grasp_xhand:Step 60 | Reward: -0.12293589860200882
INFO:tasks.state_based_grasp_xhand:Step 70 | Reward: -0.12689818441867828
INFO:tasks.state_based_grasp_xhand:Step 80 | Reward: -0.12620913982391357
INFO:tasks.state_based_grasp_xhand:Step 90 | Reward: -0.12792782485485077
INFO:tasks.state_based_grasp_xhand:Step 100 | Reward: -0.12934616208076477
INFO:tasks.state_based_grasp_xhand:Step 110 | Reward: -0.12907999753952026
INFO:tasks.state_based_grasp_xhand:Step 120 | Reward: -0.12694889307022095
INFO:tasks.state_based_grasp_xhand:Step 130 | Reward: -0.12614157795906067
INFO:tasks.state_based_grasp_xhand:Step 140 | Reward: -0.12700475752353668
INFO:tasks.state_based_grasp_xhand:Step 150 | Reward: -0.12602150440216064
INFO:tasks.state_based_grasp_xhand:Step 160 | Reward: -0.1270887404680252
INFO:tasks.state_based_grasp_xhand:Step 170 | Reward: -0.12964166700839996
INFO:tasks.state_based_grasp_xhand:Step 180 | Reward: -0.1359931230545044
INFO:tasks.state_based_grasp_xhand:Step 190 | Reward: -0.14061015844345093
INFO:tasks.state_based_grasp_xhand:Step 200 | Reward: -0.14200004935264587
INFO:tasks.state_based_grasp_xhand:Step 10 | Reward: -0.12649783492088318
INFO:tasks.state_based_grasp_xhand:Step 20 | Reward: -0.13073861598968506
INFO:tasks.state_based_grasp_xhand:Step 30 | Reward: -0.13229899108409882
INFO:tasks.state_based_grasp_xhand:Step 40 | Reward: -0.13401074707508087
INFO:tasks.state_based_grasp_xhand:Step 50 | Reward: -0.1349123865365982
INFO:tasks.state_based_grasp_xhand:Step 60 | Reward: -0.12970830500125885
INFO:tasks.state_based_grasp_xhand:Step 70 | Reward: -0.12775251269340515
INFO:tasks.state_based_grasp_xhand:Step 80 | Reward: -0.13140073418617249
INFO:tasks.state_based_grasp_xhand:Step 90 | Reward: -0.13609345257282257
INFO:tasks.state_based_grasp_xhand:Step 100 | Reward: -0.13785365223884583
INFO:tasks.state_based_grasp_xhand:Step 110 | Reward: -0.1371753215789795
INFO:tasks.state_based_grasp_xhand:Step 120 | Reward: -0.14061270654201508
INFO:tasks.state_based_grasp_xhand:Step 130 | Reward: -0.1469251960515976
INFO:tasks.state_based_grasp_xhand:Step 140 | Reward: -0.1512553095817566
INFO:tasks.state_based_grasp_xhand:Step 150 | Reward: -0.15495988726615906
INFO:tasks.state_based_grasp_xhand:Step 160 | Reward: -0.15692108869552612
INFO:tasks.state_based_grasp_xhand:Step 170 | Reward: -0.16298796236515045
INFO:tasks.state_based_grasp_xhand:Step 180 | Reward: -0.1646905392408371
INFO:tasks.state_based_grasp_xhand:Step 190 | Reward: -0.16305851936340332
INFO:tasks.state_based_grasp_xhand:Step 200 | Reward: -0.16215495765209198
INFO:tasks.state_based_grasp_xhand:Step 10 | Reward: -0.14663444459438324
INFO:tasks.state_based_grasp_xhand:Step 20 | Reward: -0.14975793659687042
INFO:tasks.state_based_grasp_xhand:Step 30 | Reward: -0.15208648145198822
INFO:tasks.state_based_grasp_xhand:Step 40 | Reward: -0.14938054978847504
INFO:tasks.state_based_grasp_xhand:Step 50 | Reward: -0.14952971041202545
INFO:tasks.state_based_grasp_xhand:Step 60 | Reward: -0.15197357535362244
INFO:tasks.state_based_grasp_xhand:Step 70 | Reward: -0.15349049866199493
INFO:tasks.state_based_grasp_xhand:Step 80 | Reward: -0.16103623807430267
INFO:tasks.state_based_grasp_xhand:Step 90 | Reward: -0.16164247691631317
INFO:tasks.state_based_grasp_xhand:Step 100 | Reward: -0.1613442599773407
INFO:tasks.state_based_grasp_xhand:Step 110 | Reward: -0.1594729870557785
INFO:tasks.state_based_grasp_xhand:Step 120 | Reward: -0.15971873700618744
INFO:tasks.state_based_grasp_xhand:Step 130 | Reward: -0.16078175604343414
INFO:tasks.state_based_grasp_xhand:Step 140 | Reward: -0.16230963170528412
INFO:tasks.state_based_grasp_xhand:Step 150 | Reward: -0.15975268185138702
INFO:tasks.state_based_grasp_xhand:Step 160 | Reward: -0.1585884541273117
INFO:tasks.state_based_grasp_xhand:Step 170 | Reward: -0.16012424230575562
INFO:tasks.state_based_grasp_xhand:Step 180 | Reward: -0.1624656319618225
INFO:tasks.state_based_grasp_xhand:Step 190 | Reward: -0.1642886847257614
INFO:tasks.state_based_grasp_xhand:Step 200 | Reward: -0.16815105080604553
INFO:tasks.state_based_grasp_xhand:Step 10 | Reward: -0.12438144534826279
INFO:tasks.state_based_grasp_xhand:Step 20 | Reward: -0.12721624970436096
INFO:tasks.state_based_grasp_xhand:Step 30 | Reward: -0.1248396784067154
INFO:tasks.state_based_grasp_xhand:Step 40 | Reward: -0.12628798186779022
INFO:tasks.state_based_grasp_xhand:Step 50 | Reward: -0.12672050297260284
INFO:tasks.state_based_grasp_xhand:Step 60 | Reward: -0.1270277500152588
INFO:tasks.state_based_grasp_xhand:Step 70 | Reward: -0.12884150445461273
INFO:tasks.state_based_grasp_xhand:Step 80 | Reward: -0.1313794106245041
INFO:tasks.state_based_grasp_xhand:Step 90 | Reward: -0.13197918236255646
INFO:tasks.state_based_grasp_xhand:Step 100 | Reward: -0.13212046027183533
INFO:tasks.state_based_grasp_xhand:Step 110 | Reward: -0.13866113126277924
INFO:tasks.state_based_grasp_xhand:Step 120 | Reward: -0.13598217070102692
INFO:tasks.state_based_grasp_xhand:Step 130 | Reward: -0.13608600199222565
INFO:tasks.state_based_grasp_xhand:Step 140 | Reward: -0.13183051347732544
INFO:tasks.state_based_grasp_xhand:Step 150 | Reward: -0.1303349733352661
INFO:tasks.state_based_grasp_xhand:Step 160 | Reward: -0.1282777190208435
INFO:tasks.state_based_grasp_xhand:Step 170 | Reward: -0.1304999589920044
INFO:tasks.state_based_grasp_xhand:Step 180 | Reward: -0.12881235778331757
INFO:tasks.state_based_grasp_xhand:Step 190 | Reward: -0.130658358335495
INFO:tasks.state_based_grasp_xhand:Step 200 | Reward: -0.1287989318370819
INFO:tasks.state_based_grasp_xhand:Step 10 | Reward: -0.12705262005329132
INFO:tasks.state_based_grasp_xhand:Step 20 | Reward: -0.12516963481903076
INFO:tasks.state_based_grasp_xhand:Step 30 | Reward: -0.12790359556674957
INFO:tasks.state_based_grasp_xhand:Step 40 | Reward: -0.12249048799276352
INFO:tasks.state_based_grasp_xhand:Step 50 | Reward: -0.12272820621728897
INFO:tasks.state_based_grasp_xhand:Step 60 | Reward: -0.12170109897851944
INFO:tasks.state_based_grasp_xhand:Step 70 | Reward: -0.12274714559316635
INFO:tasks.state_based_grasp_xhand:Step 80 | Reward: -0.11649422347545624
INFO:tasks.state_based_grasp_xhand:Step 90 | Reward: -0.11325441300868988
INFO:tasks.state_based_grasp_xhand:Step 100 | Reward: -0.11548599600791931
INFO:tasks.state_based_grasp_xhand:Step 110 | Reward: -0.11603282392024994
INFO:tasks.state_based_grasp_xhand:Step 120 | Reward: -0.1190720647573471
INFO:tasks.state_based_grasp_xhand:Step 130 | Reward: -0.12050609290599823
INFO:tasks.state_based_grasp_xhand:Step 140 | Reward: -0.11785950511693954
INFO:tasks.state_based_grasp_xhand:Step 150 | Reward: -0.1206178218126297
INFO:tasks.state_based_grasp_xhand:Step 160 | Reward: -0.11906605958938599
INFO:tasks.state_based_grasp_xhand:Step 170 | Reward: -0.1185779720544815
INFO:tasks.state_based_grasp_xhand:Step 180 | Reward: -0.11767730116844177
INFO:tasks.state_based_grasp_xhand:Step 190 | Reward: -0.117384172976017
INFO:tasks.state_based_grasp_xhand:Step 200 | Reward: -0.11676202714443207
INFO:tasks.state_based_grasp_xhand:Step 10 | Reward: -0.12235172837972641
INFO:tasks.state_based_grasp_xhand:Step 20 | Reward: -0.13151408731937408
INFO:tasks.state_based_grasp_xhand:Step 30 | Reward: -0.12693341076374054
INFO:tasks.state_based_grasp_xhand:Step 40 | Reward: -0.12327530235052109
INFO:tasks.state_based_grasp_xhand:Step 50 | Reward: -0.11938251554965973
INFO:tasks.state_based_grasp_xhand:Step 60 | Reward: -0.12113508582115173
INFO:tasks.state_based_grasp_xhand:Step 70 | Reward: -0.11405104398727417
INFO:tasks.state_based_grasp_xhand:Step 80 | Reward: -0.10530926287174225
INFO:tasks.state_based_grasp_xhand:Step 90 | Reward: -0.10046082735061646
INFO:tasks.state_based_grasp_xhand:Step 100 | Reward: -0.10031179338693619
INFO:tasks.state_based_grasp_xhand:Step 110 | Reward: -0.10020894557237625
INFO:tasks.state_based_grasp_xhand:Step 120 | Reward: -0.09737814217805862
INFO:tasks.state_based_grasp_xhand:Step 130 | Reward: -0.09521546959877014
INFO:tasks.state_based_grasp_xhand:Step 140 | Reward: -0.09591247141361237
INFO:tasks.state_based_grasp_xhand:Step 150 | Reward: -0.09333422780036926
INFO:tasks.state_based_grasp_xhand:Step 160 | Reward: -0.09441931545734406
INFO:tasks.state_based_grasp_xhand:Step 170 | Reward: -0.09735672175884247
INFO:tasks.state_based_grasp_xhand:Step 180 | Reward: -0.09506198018789291
INFO:tasks.state_based_grasp_xhand:Step 190 | Reward: -0.09326779097318649
INFO:tasks.state_based_grasp_xhand:Step 200 | Reward: -0.0984225943684578
INFO:tasks.state_based_grasp_xhand:Step 10 | Reward: -0.12721389532089233
INFO:tasks.state_based_grasp_xhand:Step 20 | Reward: -0.12632526457309723
INFO:tasks.state_based_grasp_xhand:Step 30 | Reward: -0.12529481947422028
INFO:tasks.state_based_grasp_xhand:Step 40 | Reward: -0.12939591705799103
INFO:tasks.state_based_grasp_xhand:Step 50 | Reward: -0.12318824231624603
INFO:tasks.state_based_grasp_xhand:Step 60 | Reward: -0.116559699177742
INFO:tasks.state_based_grasp_xhand:Step 70 | Reward: -0.11226434260606766
INFO:tasks.state_based_grasp_xhand:Step 80 | Reward: -0.10810661315917969
INFO:tasks.state_based_grasp_xhand:Step 90 | Reward: -0.10600595921278
INFO:tasks.state_based_grasp_xhand:Step 100 | Reward: -0.09849795699119568
INFO:tasks.state_based_grasp_xhand:Step 110 | Reward: -0.09842289239168167
INFO:tasks.state_based_grasp_xhand:Step 120 | Reward: -0.09588170051574707
INFO:tasks.state_based_grasp_xhand:Step 130 | Reward: -0.09081768989562988
INFO:tasks.state_based_grasp_xhand:Step 140 | Reward: -0.08713118731975555
INFO:tasks.state_based_grasp_xhand:Step 150 | Reward: -0.08324658125638962
INFO:tasks.state_based_grasp_xhand:Step 160 | Reward: -0.07521631568670273
INFO:tasks.state_based_grasp_xhand:Step 170 | Reward: -0.07357549667358398
INFO:tasks.state_based_grasp_xhand:Step 180 | Reward: -0.0770336240530014
INFO:tasks.state_based_grasp_xhand:Step 190 | Reward: -0.07563278079032898
INFO:tasks.state_based_grasp_xhand:Step 200 | Reward: -0.08075889945030212
INFO:tasks.state_based_grasp_xhand:Step 10 | Reward: -0.12360895425081253
INFO:tasks.state_based_grasp_xhand:Step 20 | Reward: -0.11693749576807022
INFO:tasks.state_based_grasp_xhand:Step 30 | Reward: -0.10825923085212708
INFO:tasks.state_based_grasp_xhand:Step 40 | Reward: -0.09872341901063919
INFO:tasks.state_based_grasp_xhand:Step 50 | Reward: -0.09500051289796829
INFO:tasks.state_based_grasp_xhand:Step 60 | Reward: -0.08834146708250046
INFO:tasks.state_based_grasp_xhand:Step 70 | Reward: -0.08614912629127502
INFO:tasks.state_based_grasp_xhand:Step 80 | Reward: -0.08608579635620117
INFO:tasks.state_based_grasp_xhand:Step 90 | Reward: -0.08309213817119598
INFO:tasks.state_based_grasp_xhand:Step 100 | Reward: -0.08062741905450821
INFO:tasks.state_based_grasp_xhand:Step 110 | Reward: -0.0816875696182251
INFO:tasks.state_based_grasp_xhand:Step 120 | Reward: -0.08081939816474915
INFO:tasks.state_based_grasp_xhand:Step 130 | Reward: -0.07779509574174881
INFO:tasks.state_based_grasp_xhand:Step 140 | Reward: -0.07857460528612137
INFO:tasks.state_based_grasp_xhand:Step 150 | Reward: -0.08294280618429184
INFO:tasks.state_based_grasp_xhand:Step 160 | Reward: -0.08461084216833115
INFO:tasks.state_based_grasp_xhand:Step 170 | Reward: -0.09241972118616104
INFO:tasks.state_based_grasp_xhand:Step 180 | Reward: -0.09456218779087067
INFO:tasks.state_based_grasp_xhand:Step 190 | Reward: -0.09943898767232895
INFO:tasks.state_based_grasp_xhand:Step 200 | Reward: -0.10262563824653625
INFO:tasks.state_based_grasp_xhand:Step 10 | Reward: -0.13616569340229034
INFO:tasks.state_based_grasp_xhand:Step 20 | Reward: -0.1336323767900467
INFO:tasks.state_based_grasp_xhand:Step 30 | Reward: -0.1310921460390091
INFO:tasks.state_based_grasp_xhand:Step 40 | Reward: -0.12555451691150665
INFO:tasks.state_based_grasp_xhand:Step 50 | Reward: -0.11868198215961456
INFO:tasks.state_based_grasp_xhand:Step 60 | Reward: -0.11490882188081741
INFO:tasks.state_based_grasp_xhand:Step 70 | Reward: -0.11462032049894333
INFO:tasks.state_based_grasp_xhand:Step 80 | Reward: -0.11291127651929855
INFO:tasks.state_based_grasp_xhand:Step 90 | Reward: -0.11009875684976578
INFO:tasks.state_based_grasp_xhand:Step 100 | Reward: -0.10828840732574463
INFO:tasks.state_based_grasp_xhand:Step 110 | Reward: -0.10460963100194931
INFO:tasks.state_based_grasp_xhand:Step 120 | Reward: -0.10327581316232681
INFO:tasks.state_based_grasp_xhand:Step 130 | Reward: -0.10277015715837479
INFO:tasks.state_based_grasp_xhand:Step 140 | Reward: -0.10265816003084183
INFO:tasks.state_based_grasp_xhand:Step 150 | Reward: -0.1046600416302681
INFO:tasks.state_based_grasp_xhand:Step 160 | Reward: -0.10234297811985016
INFO:tasks.state_based_grasp_xhand:Step 170 | Reward: -0.10124921053647995
